Performing C++ SOURCE FILE Test COMPILER_SUPPORT_Wshorten64to32 failed with the following output:
Change Dir: /usr/src/sample/eigen-3.3.7/build/CMakeFiles/CMakeTmp

Run Build Command:"/usr/bin/make" "cmTC_d3bd8/fast"
/usr/bin/make -f CMakeFiles/cmTC_d3bd8.dir/build.make CMakeFiles/cmTC_d3bd8.dir/build
make[1]: Entering directory '/usr/src/sample/eigen-3.3.7/build/CMakeFiles/CMakeTmp'
Building CXX object CMakeFiles/cmTC_d3bd8.dir/src.cxx.o
/usr/bin/c++     -std=c++03 -pedantic -Wall -Wextra -Wundef -Wcast-align -Wchar-subscripts -Wnon-virtual-dtor -Wunused-local-typedefs -Wpointer-arith -Wwrite-strings -Wformat-security -DCOMPILER_SUPPORT_Wshorten64to32 -Werror   -Wshorten-64-to-32 -o CMakeFiles/cmTC_d3bd8.dir/src.cxx.o -c /usr/src/sample/eigen-3.3.7/build/CMakeFiles/CMakeTmp/src.cxx
c++: error: unrecognized command line option '-Wshorten-64-to-32'
CMakeFiles/cmTC_d3bd8.dir/build.make:65: recipe for target 'CMakeFiles/cmTC_d3bd8.dir/src.cxx.o' failed
make[1]: *** [CMakeFiles/cmTC_d3bd8.dir/src.cxx.o] Error 1
make[1]: Leaving directory '/usr/src/sample/eigen-3.3.7/build/CMakeFiles/CMakeTmp'
Makefile:126: recipe for target 'cmTC_d3bd8/fast' failed
make: *** [cmTC_d3bd8/fast] Error 2

Source file was:
int main() { return 0; }
Performing C++ SOURCE FILE Test COMPILER_SUPPORT_Wenumconversion failed with the following output:
Change Dir: /usr/src/sample/eigen-3.3.7/build/CMakeFiles/CMakeTmp

Run Build Command:"/usr/bin/make" "cmTC_931fc/fast"
/usr/bin/make -f CMakeFiles/cmTC_931fc.dir/build.make CMakeFiles/cmTC_931fc.dir/build
make[1]: Entering directory '/usr/src/sample/eigen-3.3.7/build/CMakeFiles/CMakeTmp'
Building CXX object CMakeFiles/cmTC_931fc.dir/src.cxx.o
/usr/bin/c++     -std=c++03 -pedantic -Wall -Wextra -Wundef -Wcast-align -Wchar-subscripts -Wnon-virtual-dtor -Wunused-local-typedefs -Wpointer-arith -Wwrite-strings -Wformat-security -Wlogical-op -DCOMPILER_SUPPORT_Wenumconversion -Werror   -Wenum-conversion -o CMakeFiles/cmTC_931fc.dir/src.cxx.o -c /usr/src/sample/eigen-3.3.7/build/CMakeFiles/CMakeTmp/src.cxx
c++: error: unrecognized command line option '-Wenum-conversion'
CMakeFiles/cmTC_931fc.dir/build.make:65: recipe for target 'CMakeFiles/cmTC_931fc.dir/src.cxx.o' failed
make[1]: *** [CMakeFiles/cmTC_931fc.dir/src.cxx.o] Error 1
make[1]: Leaving directory '/usr/src/sample/eigen-3.3.7/build/CMakeFiles/CMakeTmp'
Makefile:126: recipe for target 'cmTC_931fc/fast' failed
make: *** [cmTC_931fc/fast] Error 2

Source file was:
int main() { return 0; }
Performing C++ SOURCE FILE Test COMPILER_SUPPORT_Wcpp11extensions failed with the following output:
Change Dir: /usr/src/sample/eigen-3.3.7/build/CMakeFiles/CMakeTmp

Run Build Command:"/usr/bin/make" "cmTC_4c55b/fast"
/usr/bin/make -f CMakeFiles/cmTC_4c55b.dir/build.make CMakeFiles/cmTC_4c55b.dir/build
make[1]: Entering directory '/usr/src/sample/eigen-3.3.7/build/CMakeFiles/CMakeTmp'
Building CXX object CMakeFiles/cmTC_4c55b.dir/src.cxx.o
/usr/bin/c++     -std=c++03 -pedantic -Wall -Wextra -Wundef -Wcast-align -Wchar-subscripts -Wnon-virtual-dtor -Wunused-local-typedefs -Wpointer-arith -Wwrite-strings -Wformat-security -Wlogical-op -DCOMPILER_SUPPORT_Wcpp11extensions -Werror   -Wc++11-extensions -o CMakeFiles/cmTC_4c55b.dir/src.cxx.o -c /usr/src/sample/eigen-3.3.7/build/CMakeFiles/CMakeTmp/src.cxx
c++: error: unrecognized command line option '-Wc++11-extensions'
CMakeFiles/cmTC_4c55b.dir/build.make:65: recipe for target 'CMakeFiles/cmTC_4c55b.dir/src.cxx.o' failed
make[1]: *** [CMakeFiles/cmTC_4c55b.dir/src.cxx.o] Error 1
make[1]: Leaving directory '/usr/src/sample/eigen-3.3.7/build/CMakeFiles/CMakeTmp'
Makefile:126: recipe for target 'cmTC_4c55b/fast' failed
make: *** [cmTC_4c55b/fast] Error 2

Source file was:
int main() { return 0; }
Performing C++ SOURCE FILE Test COMPILER_SUPPORT_wd981 failed with the following output:
Change Dir: /usr/src/sample/eigen-3.3.7/build/CMakeFiles/CMakeTmp

Run Build Command:"/usr/bin/make" "cmTC_b5b58/fast"
/usr/bin/make -f CMakeFiles/cmTC_b5b58.dir/build.make CMakeFiles/cmTC_b5b58.dir/build
make[1]: Entering directory '/usr/src/sample/eigen-3.3.7/build/CMakeFiles/CMakeTmp'
Building CXX object CMakeFiles/cmTC_b5b58.dir/src.cxx.o
/usr/bin/c++     -std=c++03 -pedantic -Wall -Wextra -Wundef -Wcast-align -Wchar-subscripts -Wnon-virtual-dtor -Wunused-local-typedefs -Wpointer-arith -Wwrite-strings -Wformat-security -Wlogical-op -Wdouble-promotion -Wno-psabi -Wno-variadic-macros -Wno-long-long -fno-check-new -fno-common -fstrict-aliasing -DCOMPILER_SUPPORT_wd981 -Werror   -wd981 -o CMakeFiles/cmTC_b5b58.dir/src.cxx.o -c /usr/src/sample/eigen-3.3.7/build/CMakeFiles/CMakeTmp/src.cxx
c++: error: unrecognized command line option '-wd981'
CMakeFiles/cmTC_b5b58.dir/build.make:65: recipe for target 'CMakeFiles/cmTC_b5b58.dir/src.cxx.o' failed
make[1]: *** [CMakeFiles/cmTC_b5b58.dir/src.cxx.o] Error 1
make[1]: Leaving directory '/usr/src/sample/eigen-3.3.7/build/CMakeFiles/CMakeTmp'
Makefile:126: recipe for target 'cmTC_b5b58/fast' failed
make: *** [cmTC_b5b58/fast] Error 2

Source file was:
int main() { return 0; }
Performing C++ SOURCE FILE Test COMPILER_SUPPORT_wd2304 failed with the following output:
Change Dir: /usr/src/sample/eigen-3.3.7/build/CMakeFiles/CMakeTmp

Run Build Command:"/usr/bin/make" "cmTC_464e4/fast"
/usr/bin/make -f CMakeFiles/cmTC_464e4.dir/build.make CMakeFiles/cmTC_464e4.dir/build
make[1]: Entering directory '/usr/src/sample/eigen-3.3.7/build/CMakeFiles/CMakeTmp'
Building CXX object CMakeFiles/cmTC_464e4.dir/src.cxx.o
/usr/bin/c++     -std=c++03 -pedantic -Wall -Wextra -Wundef -Wcast-align -Wchar-subscripts -Wnon-virtual-dtor -Wunused-local-typedefs -Wpointer-arith -Wwrite-strings -Wformat-security -Wlogical-op -Wdouble-promotion -Wno-psabi -Wno-variadic-macros -Wno-long-long -fno-check-new -fno-common -fstrict-aliasing -DCOMPILER_SUPPORT_wd2304 -Werror   -wd2304 -o CMakeFiles/cmTC_464e4.dir/src.cxx.o -c /usr/src/sample/eigen-3.3.7/build/CMakeFiles/CMakeTmp/src.cxx
c++: error: unrecognized command line option '-wd2304'
CMakeFiles/cmTC_464e4.dir/build.make:65: recipe for target 'CMakeFiles/cmTC_464e4.dir/src.cxx.o' failed
make[1]: *** [CMakeFiles/cmTC_464e4.dir/src.cxx.o] Error 1
make[1]: Leaving directory '/usr/src/sample/eigen-3.3.7/build/CMakeFiles/CMakeTmp'
Makefile:126: recipe for target 'cmTC_464e4/fast' failed
make: *** [cmTC_464e4/fast] Error 2

Source file was:
int main() { return 0; }
Performing C++ SOURCE FILE Test COMPILER_SUPPORT_STRICTANSI failed with the following output:
Change Dir: /usr/src/sample/eigen-3.3.7/build/CMakeFiles/CMakeTmp

Run Build Command:"/usr/bin/make" "cmTC_17db6/fast"
/usr/bin/make -f CMakeFiles/cmTC_17db6.dir/build.make CMakeFiles/cmTC_17db6.dir/build
make[1]: Entering directory '/usr/src/sample/eigen-3.3.7/build/CMakeFiles/CMakeTmp'
Building CXX object CMakeFiles/cmTC_17db6.dir/src.cxx.o
/usr/bin/c++     -std=c++03 -pedantic -Wall -Wextra -Wundef -Wcast-align -Wchar-subscripts -Wnon-virtual-dtor -Wunused-local-typedefs -Wpointer-arith -Wwrite-strings -Wformat-security -Wlogical-op -Wdouble-promotion -Wno-psabi -Wno-variadic-macros -Wno-long-long -fno-check-new -fno-common -fstrict-aliasing -DCOMPILER_SUPPORT_STRICTANSI -Werror   -strict-ansi -o CMakeFiles/cmTC_17db6.dir/src.cxx.o -c /usr/src/sample/eigen-3.3.7/build/CMakeFiles/CMakeTmp/src.cxx
c++: error: unrecognized command line option '-strict-ansi'
CMakeFiles/cmTC_17db6.dir/build.make:65: recipe for target 'CMakeFiles/cmTC_17db6.dir/src.cxx.o' failed
make[1]: *** [CMakeFiles/cmTC_17db6.dir/src.cxx.o] Error 1
make[1]: Leaving directory '/usr/src/sample/eigen-3.3.7/build/CMakeFiles/CMakeTmp'
Makefile:126: recipe for target 'cmTC_17db6/fast' failed
make: *** [cmTC_17db6/fast] Error 2

Source file was:
int main() { return 0; }
Performing C++ SOURCE FILE Test COMPILER_SUPPORT_Qunusedarguments failed with the following output:
Change Dir: /usr/src/sample/eigen-3.3.7/build/CMakeFiles/CMakeTmp

Run Build Command:"/usr/bin/make" "cmTC_580d8/fast"
/usr/bin/make -f CMakeFiles/cmTC_580d8.dir/build.make CMakeFiles/cmTC_580d8.dir/build
make[1]: Entering directory '/usr/src/sample/eigen-3.3.7/build/CMakeFiles/CMakeTmp'
Building CXX object CMakeFiles/cmTC_580d8.dir/src.cxx.o
/usr/bin/c++     -std=c++03 -pedantic -Wall -Wextra -Wundef -Wcast-align -Wchar-subscripts -Wnon-virtual-dtor -Wunused-local-typedefs -Wpointer-arith -Wwrite-strings -Wformat-security -Wlogical-op -Wdouble-promotion -Wno-psabi -Wno-variadic-macros -Wno-long-long -fno-check-new -fno-common -fstrict-aliasing -DCOMPILER_SUPPORT_Qunusedarguments -Werror   -Qunused-arguments -o CMakeFiles/cmTC_580d8.dir/src.cxx.o -c /usr/src/sample/eigen-3.3.7/build/CMakeFiles/CMakeTmp/src.cxx
c++: error: unrecognized command line option '-Qunused-arguments'
CMakeFiles/cmTC_580d8.dir/build.make:65: recipe for target 'CMakeFiles/cmTC_580d8.dir/src.cxx.o' failed
make[1]: *** [CMakeFiles/cmTC_580d8.dir/src.cxx.o] Error 1
make[1]: Leaving directory '/usr/src/sample/eigen-3.3.7/build/CMakeFiles/CMakeTmp'
Makefile:126: recipe for target 'cmTC_580d8/fast' failed
make: *** [cmTC_580d8/fast] Error 2

Source file was:
int main() { return 0; }
Determining if the pthread_create exist failed with the following output:
Change Dir: /usr/src/sample/eigen-3.3.7/build/CMakeFiles/CMakeTmp

Run Build Command:"/usr/bin/make" "cmTC_faac3/fast"
/usr/bin/make -f CMakeFiles/cmTC_faac3.dir/build.make CMakeFiles/cmTC_faac3.dir/build
make[1]: Entering directory '/usr/src/sample/eigen-3.3.7/build/CMakeFiles/CMakeTmp'
Building C object CMakeFiles/cmTC_faac3.dir/CheckSymbolExists.c.o
/usr/bin/cc     -o CMakeFiles/cmTC_faac3.dir/CheckSymbolExists.c.o   -c /usr/src/sample/eigen-3.3.7/build/CMakeFiles/CMakeTmp/CheckSymbolExists.c
Linking C executable cmTC_faac3
/usr/bin/cmake -E cmake_link_script CMakeFiles/cmTC_faac3.dir/link.txt --verbose=1
/usr/bin/cc       CMakeFiles/cmTC_faac3.dir/CheckSymbolExists.c.o  -o cmTC_faac3 -rdynamic 
CMakeFiles/cmTC_faac3.dir/CheckSymbolExists.c.o: In function `main':
CheckSymbolExists.c:(.text+0x16): undefined reference to `pthread_create'
collect2: error: ld returned 1 exit status
CMakeFiles/cmTC_faac3.dir/build.make:97: recipe for target 'cmTC_faac3' failed
make[1]: *** [cmTC_faac3] Error 1
make[1]: Leaving directory '/usr/src/sample/eigen-3.3.7/build/CMakeFiles/CMakeTmp'
Makefile:126: recipe for target 'cmTC_faac3/fast' failed
make: *** [cmTC_faac3/fast] Error 2

File /usr/src/sample/eigen-3.3.7/build/CMakeFiles/CMakeTmp/CheckSymbolExists.c:
/* */
#include <pthread.h>

int main(int argc, char** argv)
{
  (void)argv;
#ifndef pthread_create
  return ((int*)(&pthread_create))[argc];
#else
  (void)argc;
  return 0;
#endif
}

Determining if the function pthread_create exists in the pthreads failed with the following output:
Change Dir: /usr/src/sample/eigen-3.3.7/build/CMakeFiles/CMakeTmp

Run Build Command:"/usr/bin/make" "cmTC_8f888/fast"
/usr/bin/make -f CMakeFiles/cmTC_8f888.dir/build.make CMakeFiles/cmTC_8f888.dir/build
make[1]: Entering directory '/usr/src/sample/eigen-3.3.7/build/CMakeFiles/CMakeTmp'
Building C object CMakeFiles/cmTC_8f888.dir/CheckFunctionExists.c.o
/usr/bin/cc    -DCHECK_FUNCTION_EXISTS=pthread_create   -o CMakeFiles/cmTC_8f888.dir/CheckFunctionExists.c.o   -c /usr/share/cmake-3.5/Modules/CheckFunctionExists.c
Linking C executable cmTC_8f888
/usr/bin/cmake -E cmake_link_script CMakeFiles/cmTC_8f888.dir/link.txt --verbose=1
/usr/bin/cc   -DCHECK_FUNCTION_EXISTS=pthread_create    CMakeFiles/cmTC_8f888.dir/CheckFunctionExists.c.o  -o cmTC_8f888 -rdynamic -lpthreads 
/usr/bin/ld: cannot find -lpthreads
collect2: error: ld returned 1 exit status
CMakeFiles/cmTC_8f888.dir/build.make:97: recipe for target 'cmTC_8f888' failed
make[1]: *** [cmTC_8f888] Error 1
make[1]: Leaving directory '/usr/src/sample/eigen-3.3.7/build/CMakeFiles/CMakeTmp'
Makefile:126: recipe for target 'cmTC_8f888/fast' failed
make: *** [cmTC_8f888/fast] Error 2


Performing C SOURCE FILE Test SCOTCH_Num_4 failed with the following output:
Change Dir: /usr/src/sample/eigen-3.3.7/build/CMakeFiles/CMakeTmp

Run Build Command:"/usr/bin/make" "cmTC_97aaa/fast"
/usr/bin/make -f CMakeFiles/cmTC_97aaa.dir/build.make CMakeFiles/cmTC_97aaa.dir/build
make[1]: Entering directory '/usr/src/sample/eigen-3.3.7/build/CMakeFiles/CMakeTmp'
Building C object CMakeFiles/cmTC_97aaa.dir/src.c.o
/usr/bin/cc    -DSCOTCH_Num_4 -fopenmp   -o CMakeFiles/cmTC_97aaa.dir/src.c.o   -c /usr/src/sample/eigen-3.3.7/build/CMakeFiles/CMakeTmp/src.c
/usr/src/sample/eigen-3.3.7/build/CMakeFiles/CMakeTmp/src.c:4:20: fatal error: scotch.h: No such file or directory
compilation terminated.
CMakeFiles/cmTC_97aaa.dir/build.make:65: recipe for target 'CMakeFiles/cmTC_97aaa.dir/src.c.o' failed
make[1]: *** [CMakeFiles/cmTC_97aaa.dir/src.c.o] Error 1
make[1]: Leaving directory '/usr/src/sample/eigen-3.3.7/build/CMakeFiles/CMakeTmp'
Makefile:126: recipe for target 'cmTC_97aaa/fast' failed
make: *** [cmTC_97aaa/fast] Error 2

Return value: 1
Source file was:

#include <stdio.h>
#include <stdint.h>
#include <scotch.h>
int main(int argc, char **argv) {
  if (sizeof(SCOTCH_Num) == 4)
    return 0;
  else
    return 1;
}

Performing C SOURCE FILE Test SCOTCH_Num_8 failed with the following output:
Change Dir: /usr/src/sample/eigen-3.3.7/build/CMakeFiles/CMakeTmp

Run Build Command:"/usr/bin/make" "cmTC_2972b/fast"
/usr/bin/make -f CMakeFiles/cmTC_2972b.dir/build.make CMakeFiles/cmTC_2972b.dir/build
make[1]: Entering directory '/usr/src/sample/eigen-3.3.7/build/CMakeFiles/CMakeTmp'
Building C object CMakeFiles/cmTC_2972b.dir/src.c.o
/usr/bin/cc    -DSCOTCH_Num_8 -fopenmp   -o CMakeFiles/cmTC_2972b.dir/src.c.o   -c /usr/src/sample/eigen-3.3.7/build/CMakeFiles/CMakeTmp/src.c
/usr/src/sample/eigen-3.3.7/build/CMakeFiles/CMakeTmp/src.c:4:20: fatal error: scotch.h: No such file or directory
compilation terminated.
CMakeFiles/cmTC_2972b.dir/build.make:65: recipe for target 'CMakeFiles/cmTC_2972b.dir/src.c.o' failed
make[1]: *** [CMakeFiles/cmTC_2972b.dir/src.c.o] Error 1
make[1]: Leaving directory '/usr/src/sample/eigen-3.3.7/build/CMakeFiles/CMakeTmp'
Makefile:126: recipe for target 'cmTC_2972b/fast' failed
make: *** [cmTC_2972b/fast] Error 2

Return value: 1
Source file was:

#include <stdio.h>
#include <stdint.h>
#include <scotch.h>
int main(int argc, char **argv) {
  if (sizeof(SCOTCH_Num) == 8)
    return 0;
  else
    return 1;
}

Performing C SOURCE FILE Test PTSCOTCH_Num_4 failed with the following output:
Change Dir: /usr/src/sample/eigen-3.3.7/build/CMakeFiles/CMakeTmp

Run Build Command:"/usr/bin/make" "cmTC_117b2/fast"
/usr/bin/make -f CMakeFiles/cmTC_117b2.dir/build.make CMakeFiles/cmTC_117b2.dir/build
make[1]: Entering directory '/usr/src/sample/eigen-3.3.7/build/CMakeFiles/CMakeTmp'
Building C object CMakeFiles/cmTC_117b2.dir/src.c.o
/usr/bin/cc    -DPTSCOTCH_Num_4 -fopenmp   -o CMakeFiles/cmTC_117b2.dir/src.c.o   -c /usr/src/sample/eigen-3.3.7/build/CMakeFiles/CMakeTmp/src.c
/usr/src/sample/eigen-3.3.7/build/CMakeFiles/CMakeTmp/src.c:4:22: fatal error: ptscotch.h: No such file or directory
compilation terminated.
CMakeFiles/cmTC_117b2.dir/build.make:65: recipe for target 'CMakeFiles/cmTC_117b2.dir/src.c.o' failed
make[1]: *** [CMakeFiles/cmTC_117b2.dir/src.c.o] Error 1
make[1]: Leaving directory '/usr/src/sample/eigen-3.3.7/build/CMakeFiles/CMakeTmp'
Makefile:126: recipe for target 'cmTC_117b2/fast' failed
make: *** [cmTC_117b2/fast] Error 2

Return value: 1
Source file was:

#include <stdio.h>
#include <stdint.h>
#include <ptscotch.h>
int main(int argc, char **argv) {
  if (sizeof(SCOTCH_Num) == 4)
    return 0;
  else
    return 1;
}

Performing C SOURCE FILE Test PTSCOTCH_Num_8 failed with the following output:
Change Dir: /usr/src/sample/eigen-3.3.7/build/CMakeFiles/CMakeTmp

Run Build Command:"/usr/bin/make" "cmTC_86c30/fast"
/usr/bin/make -f CMakeFiles/cmTC_86c30.dir/build.make CMakeFiles/cmTC_86c30.dir/build
make[1]: Entering directory '/usr/src/sample/eigen-3.3.7/build/CMakeFiles/CMakeTmp'
Building C object CMakeFiles/cmTC_86c30.dir/src.c.o
/usr/bin/cc    -DPTSCOTCH_Num_8 -fopenmp   -o CMakeFiles/cmTC_86c30.dir/src.c.o   -c /usr/src/sample/eigen-3.3.7/build/CMakeFiles/CMakeTmp/src.c
/usr/src/sample/eigen-3.3.7/build/CMakeFiles/CMakeTmp/src.c:4:22: fatal error: ptscotch.h: No such file or directory
compilation terminated.
CMakeFiles/cmTC_86c30.dir/build.make:65: recipe for target 'CMakeFiles/cmTC_86c30.dir/src.c.o' failed
make[1]: *** [CMakeFiles/cmTC_86c30.dir/src.c.o] Error 1
make[1]: Leaving directory '/usr/src/sample/eigen-3.3.7/build/CMakeFiles/CMakeTmp'
Makefile:126: recipe for target 'cmTC_86c30/fast' failed
make: *** [cmTC_86c30/fast] Error 2

Return value: 1
Source file was:

#include <stdio.h>
#include <stdint.h>
#include <ptscotch.h>
int main(int argc, char **argv) {
  if (sizeof(SCOTCH_Num) == 8)
    return 0;
  else
    return 1;
}

